<?xml version="1.0" encoding="UTF-8"?>
<!-- Generated by org.testng.reporters.JUnitXMLReporter -->
<testsuite ignored="0" hostname="LAPTOP-1KN4HM3J" failures="0" tests="8" name="Edge-Tests" time="128.31" errors="0" timestamp="2025-12-03T15:14:51 IST">
  <testcase classname="execute_testNG.Register" name="loginTest" time="13.749"/>
  <testcase classname="execute_testNG.Register" name="loginTest" time="17.156"/>
  <testcase classname="execute_testNG.AddressTest" name="AddaddressTest" time="8.266"/>
  <testcase classname="execute_testNG.CartTest" name="addtocartTest" time="4.87"/>
  <testcase classname="execute_testNG.CartTest" name="increseproduct" time="1.809"/>
  <testcase classname="execute_testNG.AddressTest" name="updateAddtessTest" time="8.821"/>
  <testcase classname="execute_testNG.AddressTest" name="deleteAddress" time="23.84"/>
  <testcase classname="execute_testNG.CartTest" name="removefromcartTest" time="3.593"/>
</testsuite> <!-- Edge-Tests -->
