<?xml version="1.0" encoding="UTF-8"?>
<!-- Generated by org.testng.reporters.JUnitXMLReporter -->
<testsuite ignored="11" hostname="LAPTOP-1KN4HM3J" failures="0" tests="2" name="Group" time="30.737" errors="0" timestamp="2025-12-03T15:54:42 IST">
  <testcase classname="execute_testNG.AddressTest" name="AddaddressTest" time="8.627"/>
  <testcase classname="execute_testNG.WishList_Test" name="addtowishlistTest" time="3.705"/>
  <testcase classname="execute_testNG.CartTest" name="increseproduct" time="0.0">
    <ignored/>
  </testcase> <!-- increseproduct -->
  <testcase classname="execute_testNG.WishList_Test" name="removefromwishlistTest" time="0.0">
    <ignored/>
  </testcase> <!-- removefromwishlistTest -->
  <testcase classname="execute_testNG.AddressTest" name="deleteAddress" time="0.0">
    <ignored/>
  </testcase> <!-- deleteAddress -->
  <testcase classname="execute_testNG.CartTest" name="addtocartTest" time="0.0">
    <ignored/>
  </testcase> <!-- addtocartTest -->
  <testcase classname="execute_testNG.Register" name="loginTest" time="0.0">
    <ignored/>
  </testcase> <!-- loginTest -->
  <testcase classname="execute_testNG.AddressTest" name="updateAddtessTest" time="0.0">
    <ignored/>
  </testcase> <!-- updateAddtessTest -->
  <testcase classname="execute_testNG.WishList_Test" name="incresecountinwishlistTest" time="0.0">
    <ignored/>
  </testcase> <!-- incresecountinwishlistTest -->
  <testcase classname="execute_testNG.CartTest" name="removefromcartTest" time="0.0">
    <ignored/>
  </testcase> <!-- removefromcartTest -->
  <testcase classname="execute_testNG.Data_providor" name="loginTest" time="0.0">
    <ignored/>
  </testcase> <!-- loginTest -->
  <testcase classname="execute_testNG.WishList_Test" name="wishlisttocartTest" time="0.0">
    <ignored/>
  </testcase> <!-- wishlisttocartTest -->
  <testcase classname="execute_testNG.WishList_Test" name="emailtofriendTest" time="0.0">
    <ignored/>
  </testcase> <!-- emailtofriendTest -->
</testsuite> <!-- Group -->
