<?xml version="1.0" encoding="UTF-8"?>
<testng-results ignored="11" total="13" passed="2" failed="0" skipped="0">
  <reporter-output>
  </reporter-output>
  <suite started-at="2025-12-03T15:54:11 IST" name="Suite" finished-at="2025-12-03T15:54:42 IST" duration-ms="30737">
    <groups>
      <group name="smoke">
        <method signature="AddressTest.AddaddressTest()[pri:1, instance:execute_testNG.AddressTest@55fe41ea]" name="AddaddressTest" class="execute_testNG.AddressTest"/>
        <method signature="WishList_Test.addtowishlistTest()[pri:1, instance:execute_testNG.WishList_Test@fbd1f6]" name="addtowishlistTest" class="execute_testNG.WishList_Test"/>
      </group> <!-- smoke -->
    </groups>
    <test started-at="2025-12-03T15:54:11 IST" name="Group" finished-at="2025-12-03T15:54:42 IST" duration-ms="30737">
      <class name="execute_testNG.WishList_Test">
        <test-method is-config="true" signature="launchBrowser(java.lang.String)[pri:0, instance:execute_testNG.WishList_Test@fbd1f6]" started-at="2025-12-03T15:54:29 IST" name="launchBrowser" finished-at="2025-12-03T15:54:34 IST" duration-ms="4809" status="PASS">
          <params>
            <param index="0">
              <value>
                <![CDATA[chrome]]>
              </value>
            </param>
          </params>
          <reporter-output>
          </reporter-output>
        </test-method> <!-- launchBrowser -->
        <test-method is-config="true" signature="login()[pri:0, instance:execute_testNG.WishList_Test@fbd1f6]" started-at="2025-12-03T15:54:34 IST" name="login" finished-at="2025-12-03T15:54:36 IST" duration-ms="2426" status="PASS">
          <reporter-output>
          </reporter-output>
        </test-method> <!-- login -->
        <test-method signature="addtowishlistTest()[pri:1, instance:execute_testNG.WishList_Test@fbd1f6]" started-at="2025-12-03T15:54:36 IST" name="addtowishlistTest" finished-at="2025-12-03T15:54:40 IST" duration-ms="3705" status="PASS">
          <reporter-output>
          </reporter-output>
        </test-method> <!-- addtowishlistTest -->
        <test-method is-config="true" signature="logout()[pri:0, instance:execute_testNG.WishList_Test@fbd1f6]" started-at="2025-12-03T15:54:40 IST" name="logout" finished-at="2025-12-03T15:54:42 IST" duration-ms="1495" status="PASS">
          <reporter-output>
          </reporter-output>
        </test-method> <!-- logout -->
        <test-method is-config="true" signature="closebrowser()[pri:0, instance:execute_testNG.WishList_Test@fbd1f6]" started-at="2025-12-03T15:54:42 IST" name="closebrowser" finished-at="2025-12-03T15:54:42 IST" duration-ms="278" status="PASS">
          <reporter-output>
          </reporter-output>
        </test-method> <!-- closebrowser -->
      </class> <!-- execute_testNG.WishList_Test -->
      <class name="execute_testNG.AddressTest">
        <test-method is-config="true" signature="launchBrowser(java.lang.String)[pri:0, instance:execute_testNG.AddressTest@55fe41ea]" started-at="2025-12-03T15:54:11 IST" name="launchBrowser" finished-at="2025-12-03T15:54:16 IST" duration-ms="4868" status="PASS">
          <params>
            <param index="0">
              <value>
                <![CDATA[chrome]]>
              </value>
            </param>
          </params>
          <reporter-output>
          </reporter-output>
        </test-method> <!-- launchBrowser -->
        <test-method is-config="true" signature="login()[pri:0, instance:execute_testNG.AddressTest@55fe41ea]" started-at="2025-12-03T15:54:16 IST" name="login" finished-at="2025-12-03T15:54:18 IST" duration-ms="2442" status="PASS">
          <reporter-output>
          </reporter-output>
        </test-method> <!-- login -->
        <test-method signature="AddaddressTest()[pri:1, instance:execute_testNG.AddressTest@55fe41ea]" started-at="2025-12-03T15:54:18 IST" name="AddaddressTest" finished-at="2025-12-03T15:54:27 IST" duration-ms="8627" status="PASS">
          <reporter-output>
          </reporter-output>
        </test-method> <!-- AddaddressTest -->
        <test-method is-config="true" signature="logout()[pri:0, instance:execute_testNG.AddressTest@55fe41ea]" started-at="2025-12-03T15:54:27 IST" name="logout" finished-at="2025-12-03T15:54:29 IST" duration-ms="1645" status="PASS">
          <reporter-output>
          </reporter-output>
        </test-method> <!-- logout -->
        <test-method is-config="true" signature="closebrowser()[pri:0, instance:execute_testNG.AddressTest@55fe41ea]" started-at="2025-12-03T15:54:29 IST" name="closebrowser" finished-at="2025-12-03T15:54:29 IST" duration-ms="383" status="PASS">
          <reporter-output>
          </reporter-output>
        </test-method> <!-- closebrowser -->
      </class> <!-- execute_testNG.AddressTest -->
    </test> <!-- Group -->
  </suite> <!-- Suite -->
</testng-results>
