<?xml version="1.0" encoding="UTF-8"?>
<!-- Generated by org.testng.reporters.JUnitReportReporter -->
<testsuite hostname="LAPTOP-1KN4HM3J" failures="0" tests="2" name="execute_testNG.WishList_Test" time="7.626" errors="0" timestamp="2025-12-03T15:54:42 IST" skipped="1">
  <testcase classname="execute_testNG.WishList_Test" name="addtowishlistTest" time="7.626"/>
  <testcase classname="execute_testNG.WishList_Test" name="removefromwishlistTest">
    <skipped/>
  </testcase> <!-- removefromwishlistTest -->
</testsuite> <!-- execute_testNG.WishList_Test -->
