<?xml version="1.0" encoding="UTF-8"?>
<!-- Generated by org.testng.reporters.JUnitReportReporter -->
<testsuite hostname="LAPTOP-1KN4HM3J" failures="0" tests="6" name="execute_testNG.Register" time="110.172" errors="0" timestamp="2025-12-03T15:15:32 IST" skipped="0">
  <testcase classname="execute_testNG.Register" name="loginTest" time="15.140"/>
  <testcase classname="execute_testNG.Register" name="loginTest" time="17.156"/>
  <testcase classname="execute_testNG.Register" name="loginTest" time="22.290"/>
  <testcase classname="execute_testNG.Register" name="loginTest" time="28.088"/>
  <testcase classname="execute_testNG.Register" name="loginTest" time="13.749"/>
  <testcase classname="execute_testNG.Register" name="loginTest" time="13.749"/>
</testsuite> <!-- execute_testNG.Register -->
