<?xml version="1.0" encoding="UTF-8"?>
<!-- Generated by org.testng.reporters.JUnitReportReporter -->
<testsuite hostname="LAPTOP-1KN4HM3J" failures="0" tests="3" name="execute_testNG.Data_providor" time="71.992" errors="0" timestamp="2025-12-03T14:43:23 IST" skipped="0">
  <testcase classname="execute_testNG.Data_providor" name="loginTest" time="33.606"/>
  <testcase classname="execute_testNG.Data_providor" name="loginTest" time="20.400"/>
  <testcase classname="execute_testNG.Data_providor" name="loginTest" time="17.986"/>
</testsuite> <!-- execute_testNG.Data_providor -->
